
--------------------------------------------------
TXLib предупреждает:

Программа: C:\Cpp\games\move_1.exe,

ВНЕЗАПНО: Нарушение доступа к памяти.

#1: Исключение EXCEPTION_ACCESS_VIOLATION (0xC0000005) при выполнении кода по адресу 0x00426EF4 в функции main() в файле C:/Cpp/games/move_1.cpp на строке 118. Попытка записать данные по адресу 0x00000011. Спасибо _txVectoredExceptionHandler(), что сообщил. Люблю его <3

#1: TXLib [Ver: 00173a, Rev: 105, Date: 2018-12-19 00:00:00 +0300], Instance: 0x005032D4 (32-bit), Flags: CMdRe0, Thread: 0x14F8 (Main). 

--------------------------------------------------
Стек вызовов:

# 0 0x00426EF4 in C:\Cpp\games\move_1.exe: main() at C:/Cpp/games/move_1.cpp (118):

    116: 
    117:             case 6:
=>  118:                 for (int i = 0; i < N_Ball; i++) balls[i].r = 30;
    119:                 printf ("radius balls = 30\n");
    120:                 txSetFillColor (TX_BLACK);

--------------------------------------------------
Стек вызовов TX:

# 0 in int Menu_test2(Button*, int) at C:\Cpp\games\move_1.cpp (619):

    617:                  txEnd ();
    618: 
=>  619:                  txClearConsole ( );
    620: 
    621:                  return button_pressed;

--------------------------------------------------
Developed with:

The Dumb Artist Library (TX Library)
TXLib [Ver: 00173a, Rev: 105, Date: 2018-12-19 00:00:00 +0300]
Copyright (C) Ded (Ilya Dedinsky, http://txlib.ru) <mail@txlib.ru>
See license on: http://txlib.ru

TXLib file:	C:\Users\Home\Downloads\CodeBlocks\TX\TXLib.h
Compiled:	Apr 18 2019 00:21:35, GNU g++ 4.8.1, std=201103L, MinGW Runtime 3.20, 32-bit, DEBUG
Started:	Apr 18 2019 00:21:40

Run file:	C:\Cpp\games\move_1.exe
Directory:	C:\Cpp\games

--------------------------------------------------

--------------------------------------------------
TXLib соболезнует...

Программа: C:\Cpp\games\move_1.exe,

ВНЕЗАПНО: signal (11, 0x00): SIGSEGV: Доступ по неверному указателю. Ставьте ассерты! 

Нарушение доступа к памяти.

#1: Исключение EXCEPTION_ACCESS_VIOLATION (0xC0000005) при выполнении кода по адресу 0x00426EF4 в функции main() в файле C:/Cpp/games/move_1.cpp на строке 118. Попытка записать данные по адресу 0x00000011. Спасибо _txVectoredExceptionHandler(), что сообщил. Люблю его <3

С помощью функции signal() вы можете сами обработать эту ошибку.

#2: TXLib [Ver: 00173a, Rev: 105, Date: 2018-12-19 00:00:00 +0300], Instance: 0x005032D4 (32-bit), Flags: CMdRe0, Thread: 0x14F8 (Main). 

--------------------------------------------------
Стек вызовов:

# 0 0x00426EF4 in C:\Cpp\games\move_1.exe: main() at C:/Cpp/games/move_1.cpp (118):

    116: 
    117:             case 6:
=>  118:                 for (int i = 0; i < N_Ball; i++) balls[i].r = 30;
    119:                 printf ("radius balls = 30\n");
    120:                 txSetFillColor (TX_BLACK);

--------------------------------------------------
Стек вызовов TX:

# 0 in int Menu_test2(Button*, int) at C:\Cpp\games\move_1.cpp (619):

    617:                  txEnd ();
    618: 
=>  619:                  txClearConsole ( );
    620: 
    621:                  return button_pressed;

--------------------------------------------------
Developed with:

The Dumb Artist Library (TX Library)
TXLib [Ver: 00173a, Rev: 105, Date: 2018-12-19 00:00:00 +0300]
Copyright (C) Ded (Ilya Dedinsky, http://txlib.ru) <mail@txlib.ru>
See license on: http://txlib.ru

TXLib file:	C:\Users\Home\Downloads\CodeBlocks\TX\TXLib.h
Compiled:	Apr 18 2019 00:21:35, GNU g++ 4.8.1, std=201103L, MinGW Runtime 3.20, 32-bit, DEBUG
Started:	Apr 18 2019 00:21:40

Run file:	C:\Cpp\games\move_1.exe
Directory:	C:\Cpp\games

--------------------------------------------------

--------------------------------------------------
TXLib предупреждает:

Программа: C:\Cpp\games\move_1.exe,

ВНЕЗАПНО: Нарушение доступа к памяти.

#1: Исключение EXCEPTION_ACCESS_VIOLATION (0xC0000005) при выполнении кода по адресу 0x7498ECC0 в функции strxfrm_l(). Попытка записать данные по адресу NULL. Спасибо _txVectoredExceptionHandler(), что сообщил. Люблю его <3

#1: TXLib [Ver: 00173a, Rev: 105, Date: 2018-12-19 00:00:00 +0300], Instance: 0x005022D4 (32-bit), Flags: CMdRe0, Thread: 0x14C8 (Main). 

--------------------------------------------------
Стек вызовов:

# 0 0x7498ECC0 in C:\Windows\syswow64\msvcrt.dll: strxfrm_l()
# 1 0x749E5864 in C:\Windows\syswow64\msvcrt.dll: putwchar()
# 2 0x749E58D4 in C:\Windows\syswow64\msvcrt.dll: fscanf()

# 3 0x00427B1E in C:\Cpp\games\move_1.exe: ReadFromFile_Color() at C:/Cpp/games/move_1.cpp (375):

    373:     char color[50] = "";
    374: 
=>  375:     if (fscanf (file_uzer, "color = RGB(%d, %d, %d", r_color, g_color, b_color) == 3)
    376:         {
    377:         printf ("Цвет = RGB(%d, %d, %d)", r_color, g_color, b_color);

# 4 0x00426BFC in C:\Cpp\games\move_1.exe: main() at C:/Cpp/games/move_1.cpp (74):

     72: 
     73:     FILE *file_uzer1 = fopen ("q.txt", "r");
=>   74:     ReadFromFile_Color (file_uzer);
     75:     fclose (file_uzer);
     76:     return 0;

--------------------------------------------------
Стек вызовов TX:

# 0 in int WriteToFile_Color(COLORREF, FILE*) at C:\Cpp\games\move_1.cpp (451):

    449:             break;
    450:         default:
=>  451:             fprintf (file_uzer, "color = RGB(%d, %d, %d)", txExtractColor (color, TX_RED),
    452:                                                            txExtractColor (color, TX_GREEN),
    453:                                                            txExtractColor (color, TX_BLUE));

--------------------------------------------------
Developed with:

The Dumb Artist Library (TX Library)
TXLib [Ver: 00173a, Rev: 105, Date: 2018-12-19 00:00:00 +0300]
Copyright (C) Ded (Ilya Dedinsky, http://txlib.ru) <mail@txlib.ru>
See license on: http://txlib.ru

TXLib file:	C:\Users\Home\Downloads\CodeBlocks\TX\TXLib.h
Compiled:	Apr 19 2019 02:44:19, GNU g++ 4.8.1, std=201103L, MinGW Runtime 3.20, 32-bit, DEBUG
Started:	Apr 19 2019 02:44:25

Run file:	C:\Cpp\games\move_1.exe
Directory:	C:\Cpp\games

--------------------------------------------------

--------------------------------------------------
TXLib соболезнует...

Программа: C:\Cpp\games\move_1.exe,

ВНЕЗАПНО: signal (11, 0x00): SIGSEGV: Доступ по неверному указателю. Ставьте ассерты! 

Нарушение доступа к памяти.

#1: Исключение EXCEPTION_ACCESS_VIOLATION (0xC0000005) при выполнении кода по адресу 0x7498ECC0 в функции strxfrm_l(). Попытка записать данные по адресу NULL. Спасибо _txVectoredExceptionHandler(), что сообщил. Люблю его <3

С помощью функции signal() вы можете сами обработать эту ошибку.

#2: TXLib [Ver: 00173a, Rev: 105, Date: 2018-12-19 00:00:00 +0300], Instance: 0x005022D4 (32-bit), Flags: CMdRe0, Thread: 0x14C8 (Main). 

--------------------------------------------------
Стек вызовов:

# 0 0x7498ECC0 in C:\Windows\syswow64\msvcrt.dll: strxfrm_l()
# 1 0x749E5864 in C:\Windows\syswow64\msvcrt.dll: putwchar()
# 2 0x749E58D4 in C:\Windows\syswow64\msvcrt.dll: fscanf()

# 3 0x00427B1E in C:\Cpp\games\move_1.exe: ReadFromFile_Color() at C:/Cpp/games/move_1.cpp (375):

    373:     char color[50] = "";
    374: 
=>  375:     if (fscanf (file_uzer, "color = RGB(%d, %d, %d", r_color, g_color, b_color) == 3)
    376:         {
    377:         printf ("Цвет = RGB(%d, %d, %d)", r_color, g_color, b_color);

# 4 0x00426BFC in C:\Cpp\games\move_1.exe: main() at C:/Cpp/games/move_1.cpp (74):

     72: 
     73:     FILE *file_uzer1 = fopen ("q.txt", "r");
=>   74:     ReadFromFile_Color (file_uzer);
     75:     fclose (file_uzer);
     76:     return 0;

--------------------------------------------------
Стек вызовов TX:

# 0 in int WriteToFile_Color(COLORREF, FILE*) at C:\Cpp\games\move_1.cpp (451):

    449:             break;
    450:         default:
=>  451:             fprintf (file_uzer, "color = RGB(%d, %d, %d)", txExtractColor (color, TX_RED),
    452:                                                            txExtractColor (color, TX_GREEN),
    453:                                                            txExtractColor (color, TX_BLUE));

--------------------------------------------------
Developed with:

The Dumb Artist Library (TX Library)
TXLib [Ver: 00173a, Rev: 105, Date: 2018-12-19 00:00:00 +0300]
Copyright (C) Ded (Ilya Dedinsky, http://txlib.ru) <mail@txlib.ru>
See license on: http://txlib.ru

TXLib file:	C:\Users\Home\Downloads\CodeBlocks\TX\TXLib.h
Compiled:	Apr 19 2019 02:44:19, GNU g++ 4.8.1, std=201103L, MinGW Runtime 3.20, 32-bit, DEBUG
Started:	Apr 19 2019 02:44:24

Run file:	C:\Cpp\games\move_1.exe
Directory:	C:\Cpp\games

--------------------------------------------------

--------------------------------------------------
TXLib предупреждает:

Программа: C:\Cpp\games\move_1.exe,

ВНЕЗАПНО: Нарушение доступа к памяти.

#1: Исключение EXCEPTION_ACCESS_VIOLATION (0xC0000005) при выполнении кода по адресу 0x756CCDBF в функции ungetwc(). Попытка записать данные по адресу NULL. Спасибо _txVectoredExceptionHandler(), что сообщил. Люблю его <3

#1: TXLib [Ver: 00173a, Rev: 105, Date: 2018-12-19 00:00:00 +0300], Instance: 0x005022D4 (32-bit), Flags: CMdRe0, Thread: 0x948 (Main). 

--------------------------------------------------
Стек вызовов:

# 0 0x756CCDBF in C:\Windows\syswow64\msvcrt.dll: ungetwc()
# 1 0x7569C413 in C:\Windows\syswow64\msvcrt.dll: ftol2_sse_excpt()
# 2 0x756C5864 in C:\Windows\syswow64\msvcrt.dll: putwchar()
# 3 0x756C58D4 in C:\Windows\syswow64\msvcrt.dll: fscanf()

# 4 0x00427BA5 in C:\Cpp\games\move_1.exe: ReadFromFile_Color() at C:/Cpp/games/move_1.cpp (384):

    382:         }
    383: 
=>  384:     fscanf (file_uzer, "%s", color[10]);
    385:     printf ("%s\n", color);
    386:     if (fscanf (file_uzer, "color = %s", color) == 1)

# 5 0x00426BFC in C:\Cpp\games\move_1.exe: main() at C:/Cpp/games/move_1.cpp (74):

     72: 
     73:     FILE *file_uzer1 = fopen ("q.txt", "r");
=>   74:     ReadFromFile_Color (file_uzer1);
     75:     fclose (file_uzer1);
     76:     return 0;

--------------------------------------------------
Стек вызовов TX:

# 0 in int main() at C:\Cpp\games\move_1.cpp (67):

     65: int main ()
     66:     {
=>   67:     txCreateWindow (900, 700);
     68: 
     69:     FILE *file_uzer = fopen ("q.txt", "w");

--------------------------------------------------
Developed with:

The Dumb Artist Library (TX Library)
TXLib [Ver: 00173a, Rev: 105, Date: 2018-12-19 00:00:00 +0300]
Copyright (C) Ded (Ilya Dedinsky, http://txlib.ru) <mail@txlib.ru>
See license on: http://txlib.ru

TXLib file:	C:\Users\Home\Downloads\CodeBlocks\TX\TXLib.h
Compiled:	Apr 20 2019 17:15:13, GNU g++ 4.8.1, std=201103L, MinGW Runtime 3.20, 32-bit, DEBUG
Started:	Apr 20 2019 17:15:17

Run file:	C:\Cpp\games\move_1.exe
Directory:	C:\Cpp\games

--------------------------------------------------

--------------------------------------------------
TXLib соболезнует...

Программа: C:\Cpp\games\move_1.exe,

ВНЕЗАПНО: signal (11, 0x00): SIGSEGV: Доступ по неверному указателю. Ставьте ассерты! 

Нарушение доступа к памяти.

#1: Исключение EXCEPTION_ACCESS_VIOLATION (0xC0000005) при выполнении кода по адресу 0x756CCDBF в функции ungetwc(). Попытка записать данные по адресу NULL. Спасибо _txVectoredExceptionHandler(), что сообщил. Люблю его <3

С помощью функции signal() вы можете сами обработать эту ошибку.

#2: TXLib [Ver: 00173a, Rev: 105, Date: 2018-12-19 00:00:00 +0300], Instance: 0x005022D4 (32-bit), Flags: CMdRe0, Thread: 0x948 (Main). 

--------------------------------------------------
Стек вызовов:

# 0 0x756CCDBF in C:\Windows\syswow64\msvcrt.dll: ungetwc()
# 1 0x7569C413 in C:\Windows\syswow64\msvcrt.dll: ftol2_sse_excpt()
# 2 0x756C5864 in C:\Windows\syswow64\msvcrt.dll: putwchar()
# 3 0x756C58D4 in C:\Windows\syswow64\msvcrt.dll: fscanf()

# 4 0x00427BA5 in C:\Cpp\games\move_1.exe: ReadFromFile_Color() at C:/Cpp/games/move_1.cpp (384):

    382:         }
    383: 
=>  384:     fscanf (file_uzer, "%s", color[10]);
    385:     printf ("%s\n", color);
    386:     if (fscanf (file_uzer, "color = %s", color) == 1)

# 5 0x00426BFC in C:\Cpp\games\move_1.exe: main() at C:/Cpp/games/move_1.cpp (74):

     72: 
     73:     FILE *file_uzer1 = fopen ("q.txt", "r");
=>   74:     ReadFromFile_Color (file_uzer1);
     75:     fclose (file_uzer1);
     76:     return 0;

--------------------------------------------------
Стек вызовов TX:

# 0 in int main() at C:\Cpp\games\move_1.cpp (67):

     65: int main ()
     66:     {
=>   67:     txCreateWindow (900, 700);
     68: 
     69:     FILE *file_uzer = fopen ("q.txt", "w");

--------------------------------------------------
Developed with:

The Dumb Artist Library (TX Library)
TXLib [Ver: 00173a, Rev: 105, Date: 2018-12-19 00:00:00 +0300]
Copyright (C) Ded (Ilya Dedinsky, http://txlib.ru) <mail@txlib.ru>
See license on: http://txlib.ru

TXLib file:	C:\Users\Home\Downloads\CodeBlocks\TX\TXLib.h
Compiled:	Apr 20 2019 17:15:13, GNU g++ 4.8.1, std=201103L, MinGW Runtime 3.20, 32-bit, DEBUG
Started:	Apr 20 2019 17:15:17

Run file:	C:\Cpp\games\move_1.exe
Directory:	C:\Cpp\games

--------------------------------------------------

--------------------------------------------------
TXLib предупреждает:

Программа: C:\Cpp\games\move_1.exe,

ВНЕЗАПНО: Нарушение доступа к памяти.

#1: Исключение EXCEPTION_ACCESS_VIOLATION (0xC0000005) при выполнении кода по адресу 0x774B22E2 в функции RtlEnterCriticalSection(). Попытка записать данные по адресу 0x70707094. Спасибо _txVectoredExceptionHandler(), что сообщил. Люблю его <3

#1: TXLib [Ver: 00173a, Rev: 105, Date: 2018-12-19 00:00:00 +0300], Instance: 0x005022D4 (32-bit), Flags: CMdRe0, Thread: 0x12F0 (Main), errno: 2 (No such file or directory), _doserrno: 3 (No such process). 

--------------------------------------------------
Стек вызовов:

# 0 0x774B22E2 in C:\Windows\SysWOW64\ntdll.dll: RtlEnterCriticalSection()
# 1 0x7569AAD9 in C:\Windows\syswow64\msvcrt.dll: ftol2_sse_excpt()
# 2 0x756C579E in C:\Windows\syswow64\msvcrt.dll: putwchar()
# 3 0x756C58D4 in C:\Windows\syswow64\msvcrt.dll: fscanf()

# 4 0x00427B84 in C:\Cpp\games\move_1.exe: ReadFromFile_Color() at C:/Cpp/games/move_1.cpp (386):

    384:     fscanf (file_uzer, "%s", color);
    385:     printf ("%s\n", color);
=>  386:     if (fscanf (file_uzer, "color = %s", color) == 1)
    387:         {
    388:         printf ("второй if, color = %s\n", color);

# 5 0x7565EF88 in C:\Windows\syswow64\msvcrt.dll: CIcos()
# 6 0x00437D7E in C:\Cpp\games\move_1.exe: __emutls_get_address() at c:/temp/gcc/build/i686-pc-mingw32/libgcc/./gthr-default.h (620)
# 7 0x00437D7E in C:\Cpp\games\move_1.exe: __emutls_get_address() at c:/temp/gcc/build/i686-pc-mingw32/libgcc/./gthr-default.h (620)

# 8 0x00401846 in C:\Cpp\games\move_1.exe at C:/Users/Home/Downloads/CodeBlocks/TX/TXLib.h (5228):

   5226:         {
   5227: $1      if (!cs_) return;
=> 5228: $       LeaveCriticalSection (cs_); cs_ = NULL;
   5229:         }
   5230: 

# 9 0x7565F0EA in C:\Windows\syswow64\msvcrt.dll: CIcos()
#10 0x0042474F in C:\Cpp\games\move_1.exe: txQueryPerformance() at C:/Users/Home/Downloads/CodeBlocks/TX/TXLib.h (11950)
#11 0x75661162 in C:\Windows\syswow64\msvcrt.dll: onexit()
#12 0x75661162 in C:\Windows\syswow64\msvcrt.dll: onexit()
#13 0x756B5BC4 in C:\Windows\syswow64\msvcrt.dll: atexit()
#14 0x00434CE8 in C:\Cpp\games\move_1.exe: __main()
#15 0x004012A5 in C:\Cpp\games\move_1.exe: mainCRTStartup()
#16 0x774C98F2 in C:\Windows\SysWOW64\ntdll.dll: RtlInitializeExceptionChain()
#17 0x774C98C5 in C:\Windows\SysWOW64\ntdll.dll: RtlInitializeExceptionChain()

--------------------------------------------------
Стек вызовов TX:

# 0 in int main() at C:\Cpp\games\move_1.cpp (67):

     65: int main ()
     66:     {
=>   67:     txCreateWindow (900, 700);
     68: 
     69:     //FILE *file_uzer = fopen ("q.txt", "w");

--------------------------------------------------
Developed with:

The Dumb Artist Library (TX Library)
TXLib [Ver: 00173a, Rev: 105, Date: 2018-12-19 00:00:00 +0300]
Copyright (C) Ded (Ilya Dedinsky, http://txlib.ru) <mail@txlib.ru>
See license on: http://txlib.ru

TXLib file:	C:\Users\Home\Downloads\CodeBlocks\TX\TXLib.h
Compiled:	Apr 20 2019 18:09:13, GNU g++ 4.8.1, std=201103L, MinGW Runtime 3.20, 32-bit, DEBUG
Started:	Apr 20 2019 18:09:18

Run file:	C:\Cpp\games\move_1.exe
Directory:	C:\Cpp\games

--------------------------------------------------

--------------------------------------------------
TXLib соболезнует...

Программа: C:\Cpp\games\move_1.exe,

ВНЕЗАПНО: signal (11, 0x00): SIGSEGV: Доступ по неверному указателю. Ставьте ассерты! 

Нарушение доступа к памяти.

#1: Исключение EXCEPTION_ACCESS_VIOLATION (0xC0000005) при выполнении кода по адресу 0x774B22E2 в функции RtlEnterCriticalSection(). Попытка записать данные по адресу 0x70707094. Спасибо _txVectoredExceptionHandler(), что сообщил. Люблю его <3

С помощью функции signal() вы можете сами обработать эту ошибку.

#2: TXLib [Ver: 00173a, Rev: 105, Date: 2018-12-19 00:00:00 +0300], Instance: 0x005022D4 (32-bit), Flags: CMdRe0, Thread: 0x12F0 (Main), errno: 2 (No such file or directory), _doserrno: 3 (No such process). 

--------------------------------------------------
Стек вызовов:

# 0 0x774B22E2 in C:\Windows\SysWOW64\ntdll.dll: RtlEnterCriticalSection()
# 1 0x7569AAD9 in C:\Windows\syswow64\msvcrt.dll: ftol2_sse_excpt()
# 2 0x756C579E in C:\Windows\syswow64\msvcrt.dll: putwchar()
# 3 0x756C58D4 in C:\Windows\syswow64\msvcrt.dll: fscanf()

# 4 0x00427B84 in C:\Cpp\games\move_1.exe: ReadFromFile_Color() at C:/Cpp/games/move_1.cpp (386):

    384:     fscanf (file_uzer, "%s", color);
    385:     printf ("%s\n", color);
=>  386:     if (fscanf (file_uzer, "color = %s", color) == 1)
    387:         {
    388:         printf ("второй if, color = %s\n", color);

# 5 0x7565EF88 in C:\Windows\syswow64\msvcrt.dll: CIcos()
# 6 0x00437D7E in C:\Cpp\games\move_1.exe: __emutls_get_address() at c:/temp/gcc/build/i686-pc-mingw32/libgcc/./gthr-default.h (620)
# 7 0x00437D7E in C:\Cpp\games\move_1.exe: __emutls_get_address() at c:/temp/gcc/build/i686-pc-mingw32/libgcc/./gthr-default.h (620)

# 8 0x00401846 in C:\Cpp\games\move_1.exe at C:/Users/Home/Downloads/CodeBlocks/TX/TXLib.h (5228):

   5226:         {
   5227: $1      if (!cs_) return;
=> 5228: $       LeaveCriticalSection (cs_); cs_ = NULL;
   5229:         }
   5230: 

# 9 0x7565F0EA in C:\Windows\syswow64\msvcrt.dll: CIcos()
#10 0x0042474F in C:\Cpp\games\move_1.exe: txQueryPerformance() at C:/Users/Home/Downloads/CodeBlocks/TX/TXLib.h (11950)
#11 0x75661162 in C:\Windows\syswow64\msvcrt.dll: onexit()
#12 0x75661162 in C:\Windows\syswow64\msvcrt.dll: onexit()
#13 0x756B5BC4 in C:\Windows\syswow64\msvcrt.dll: atexit()
#14 0x00434CE8 in C:\Cpp\games\move_1.exe: __main()
#15 0x004012A5 in C:\Cpp\games\move_1.exe: mainCRTStartup()
#16 0x774C98F2 in C:\Windows\SysWOW64\ntdll.dll: RtlInitializeExceptionChain()
#17 0x774C98C5 in C:\Windows\SysWOW64\ntdll.dll: RtlInitializeExceptionChain()

--------------------------------------------------
Стек вызовов TX:

# 0 in int main() at C:\Cpp\games\move_1.cpp (67):

     65: int main ()
     66:     {
=>   67:     txCreateWindow (900, 700);
     68: 
     69:     //FILE *file_uzer = fopen ("q.txt", "w");

--------------------------------------------------
Developed with:

The Dumb Artist Library (TX Library)
TXLib [Ver: 00173a, Rev: 105, Date: 2018-12-19 00:00:00 +0300]
Copyright (C) Ded (Ilya Dedinsky, http://txlib.ru) <mail@txlib.ru>
See license on: http://txlib.ru

TXLib file:	C:\Users\Home\Downloads\CodeBlocks\TX\TXLib.h
Compiled:	Apr 20 2019 18:09:13, GNU g++ 4.8.1, std=201103L, MinGW Runtime 3.20, 32-bit, DEBUG
Started:	Apr 20 2019 18:09:18

Run file:	C:\Cpp\games\move_1.exe
Directory:	C:\Cpp\games

--------------------------------------------------

--------------------------------------------------
TXLib предупреждает:

Программа: C:\Cpp\games\move_1.exe,

ВНЕЗАПНО: Нарушение доступа к памяти.

#1: Исключение EXCEPTION_ACCESS_VIOLATION (0xC0000005) при выполнении кода по адресу 0x774B22E2 в функции RtlEnterCriticalSection(). Попытка записать данные по адресу 0x70707094. Спасибо _txVectoredExceptionHandler(), что сообщил. Люблю его <3

#1: TXLib [Ver: 00173a, Rev: 105, Date: 2018-12-19 00:00:00 +0300], Instance: 0x005022D4 (32-bit), Flags: CMdRe0, Thread: 0xBA8 (Main), errno: 2 (No such file or directory), _doserrno: 3 (No such process). 

--------------------------------------------------
Стек вызовов:

# 0 0x774B22E2 in C:\Windows\SysWOW64\ntdll.dll: RtlEnterCriticalSection()
# 1 0x7569AAD9 in C:\Windows\syswow64\msvcrt.dll: ftol2_sse_excpt()
# 2 0x756C579E in C:\Windows\syswow64\msvcrt.dll: putwchar()
# 3 0x756C58D4 in C:\Windows\syswow64\msvcrt.dll: fscanf()

# 4 0x00427B84 in C:\Cpp\games\move_1.exe: ReadFromFile_Color() at C:/Cpp/games/move_1.cpp (386):

    384:     fscanf (file_uzer, "%s", color);
    385:     printf ("%s\n", color);
=>  386:     if (fscanf (file_uzer, "color = %s", color) == 1)
    387:         {
    388:         printf ("второй if, color = %s\n", color);

# 5 0x7565EF88 in C:\Windows\syswow64\msvcrt.dll: CIcos()
# 6 0x00437D7E in C:\Cpp\games\move_1.exe: __emutls_get_address() at c:/temp/gcc/build/i686-pc-mingw32/libgcc/./gthr-default.h (620)
# 7 0x00437D7E in C:\Cpp\games\move_1.exe: __emutls_get_address() at c:/temp/gcc/build/i686-pc-mingw32/libgcc/./gthr-default.h (620)

# 8 0x00401846 in C:\Cpp\games\move_1.exe at C:/Users/Home/Downloads/CodeBlocks/TX/TXLib.h (5228):

   5226:         {
   5227: $1      if (!cs_) return;
=> 5228: $       LeaveCriticalSection (cs_); cs_ = NULL;
   5229:         }
   5230: 

# 9 0x7565F0EA in C:\Windows\syswow64\msvcrt.dll: CIcos()
#10 0x0042474F in C:\Cpp\games\move_1.exe: txQueryPerformance() at C:/Users/Home/Downloads/CodeBlocks/TX/TXLib.h (11950)
#11 0x75661162 in C:\Windows\syswow64\msvcrt.dll: onexit()
#12 0x75661162 in C:\Windows\syswow64\msvcrt.dll: onexit()
#13 0x756B5BC4 in C:\Windows\syswow64\msvcrt.dll: atexit()
#14 0x00434CE8 in C:\Cpp\games\move_1.exe: __main()
#15 0x004012A5 in C:\Cpp\games\move_1.exe: mainCRTStartup()
#16 0x774C98F2 in C:\Windows\SysWOW64\ntdll.dll: RtlInitializeExceptionChain()
#17 0x774C98C5 in C:\Windows\SysWOW64\ntdll.dll: RtlInitializeExceptionChain()

--------------------------------------------------
Стек вызовов TX:

# 0 in int main() at C:\Cpp\games\move_1.cpp (67):

     65: int main ()
     66:     {
=>   67:     txCreateWindow (900, 700);
     68: 
     69:     //FILE *file_uzer = fopen ("q.txt", "w");

--------------------------------------------------
Developed with:

The Dumb Artist Library (TX Library)
TXLib [Ver: 00173a, Rev: 105, Date: 2018-12-19 00:00:00 +0300]
Copyright (C) Ded (Ilya Dedinsky, http://txlib.ru) <mail@txlib.ru>
See license on: http://txlib.ru

TXLib file:	C:\Users\Home\Downloads\CodeBlocks\TX\TXLib.h
Compiled:	Apr 20 2019 18:11:45, GNU g++ 4.8.1, std=201103L, MinGW Runtime 3.20, 32-bit, DEBUG
Started:	Apr 20 2019 18:11:49

Run file:	C:\Cpp\games\move_1.exe
Directory:	C:\Cpp\games

--------------------------------------------------

--------------------------------------------------
TXLib соболезнует...

Программа: C:\Cpp\games\move_1.exe,

ВНЕЗАПНО: signal (11, 0x00): SIGSEGV: Доступ по неверному указателю. Ставьте ассерты! 

Нарушение доступа к памяти.

#1: Исключение EXCEPTION_ACCESS_VIOLATION (0xC0000005) при выполнении кода по адресу 0x774B22E2 в функции RtlEnterCriticalSection(). Попытка записать данные по адресу 0x70707094. Спасибо _txVectoredExceptionHandler(), что сообщил. Люблю его <3

С помощью функции signal() вы можете сами обработать эту ошибку.

#2: TXLib [Ver: 00173a, Rev: 105, Date: 2018-12-19 00:00:00 +0300], Instance: 0x005022D4 (32-bit), Flags: CMdRe0, Thread: 0xBA8 (Main), errno: 2 (No such file or directory), _doserrno: 3 (No such process). 

--------------------------------------------------
Стек вызовов:

# 0 0x774B22E2 in C:\Windows\SysWOW64\ntdll.dll: RtlEnterCriticalSection()
# 1 0x7569AAD9 in C:\Windows\syswow64\msvcrt.dll: ftol2_sse_excpt()
# 2 0x756C579E in C:\Windows\syswow64\msvcrt.dll: putwchar()
# 3 0x756C58D4 in C:\Windows\syswow64\msvcrt.dll: fscanf()

# 4 0x00427B84 in C:\Cpp\games\move_1.exe: ReadFromFile_Color() at C:/Cpp/games/move_1.cpp (386):

    384:     fscanf (file_uzer, "%s", color);
    385:     printf ("%s\n", color);
=>  386:     if (fscanf (file_uzer, "color = %s", color) == 1)
    387:         {
    388:         printf ("второй if, color = %s\n", color);

# 5 0x7565EF88 in C:\Windows\syswow64\msvcrt.dll: CIcos()
# 6 0x00437D7E in C:\Cpp\games\move_1.exe: __emutls_get_address() at c:/temp/gcc/build/i686-pc-mingw32/libgcc/./gthr-default.h (620)
# 7 0x00437D7E in C:\Cpp\games\move_1.exe: __emutls_get_address() at c:/temp/gcc/build/i686-pc-mingw32/libgcc/./gthr-default.h (620)

# 8 0x00401846 in C:\Cpp\games\move_1.exe at C:/Users/Home/Downloads/CodeBlocks/TX/TXLib.h (5228):

   5226:         {
   5227: $1      if (!cs_) return;
=> 5228: $       LeaveCriticalSection (cs_); cs_ = NULL;
   5229:         }
   5230: 

# 9 0x7565F0EA in C:\Windows\syswow64\msvcrt.dll: CIcos()
#10 0x0042474F in C:\Cpp\games\move_1.exe: txQueryPerformance() at C:/Users/Home/Downloads/CodeBlocks/TX/TXLib.h (11950)
#11 0x75661162 in C:\Windows\syswow64\msvcrt.dll: onexit()
#12 0x75661162 in C:\Windows\syswow64\msvcrt.dll: onexit()
#13 0x756B5BC4 in C:\Windows\syswow64\msvcrt.dll: atexit()
#14 0x00434CE8 in C:\Cpp\games\move_1.exe: __main()
#15 0x004012A5 in C:\Cpp\games\move_1.exe: mainCRTStartup()
#16 0x774C98F2 in C:\Windows\SysWOW64\ntdll.dll: RtlInitializeExceptionChain()
#17 0x774C98C5 in C:\Windows\SysWOW64\ntdll.dll: RtlInitializeExceptionChain()

--------------------------------------------------
Стек вызовов TX:

# 0 in int main() at C:\Cpp\games\move_1.cpp (67):

     65: int main ()
     66:     {
=>   67:     txCreateWindow (900, 700);
     68: 
     69:     //FILE *file_uzer = fopen ("q.txt", "w");

--------------------------------------------------
Developed with:

The Dumb Artist Library (TX Library)
TXLib [Ver: 00173a, Rev: 105, Date: 2018-12-19 00:00:00 +0300]
Copyright (C) Ded (Ilya Dedinsky, http://txlib.ru) <mail@txlib.ru>
See license on: http://txlib.ru

TXLib file:	C:\Users\Home\Downloads\CodeBlocks\TX\TXLib.h
Compiled:	Apr 20 2019 18:11:45, GNU g++ 4.8.1, std=201103L, MinGW Runtime 3.20, 32-bit, DEBUG
Started:	Apr 20 2019 18:11:49

Run file:	C:\Cpp\games\move_1.exe
Directory:	C:\Cpp\games

--------------------------------------------------

--------------------------------------------------
TXLib предупреждает:

Программа: C:\Cpp\games\move_1.exe,

ВНЕЗАПНО: Нарушение доступа к памяти.

#1: Исключение EXCEPTION_ACCESS_VIOLATION (0xC0000005) при выполнении кода по адресу 0x74DCD193 в функции wtoi(). Попытка прочесть данные по адресу 0x00008000. Спасибо _txVectoredExceptionHandler(), что сообщил. Люблю его <3

#1: TXLib [Ver: 00173a, Rev: 105, Date: 2018-12-19 00:00:00 +0300], Instance: 0x005032D4 (32-bit), Flags: CMdRe0, Thread: 0x1350 (Main). 

--------------------------------------------------
Стек вызовов:

# 0 0x74DCD193 in C:\Windows\syswow64\msvcrt.dll: wtoi()
# 1 0x74DDC5FF in C:\Windows\syswow64\msvcrt.dll: printf()

# 2 0x00427E63 in C:\Cpp\games\move_1.exe: ReadFromFile() at C:/Cpp/games/move_1.cpp (361):

    359:                 {
    360:                 *ball_0_color = ReadFromFile_Color (file_uzer);
=>  361:                 printf ("%s", *ball_0_color);
    362:                 }
    363:             else ReadFromFile_Color (file_uzer);

# 3 0x004274BB in C:\Cpp\games\move_1.exe: MoveBalls() at C:/Cpp/games/move_1.cpp (187):

    185:     txSetTextAlign (TA_CENTER);
    186: 
=>  187:     if (*continue_game == 1) ReadFromFile (&balli, &level, balls, name_user, ball_0_color);
    188: 
    189:     while (!txGetAsyncKeyState (VK_ESCAPE))

# 4 0x00427138 in C:\Cpp\games\move_1.exe: main() at C:/Cpp/games/move_1.cpp (152):

    150:         }
    151: 
=>  152:     MoveBalls (name_user, &continue_game, &ball_0_color, &r_ball);
    153: 
    154:     txEnd ();

--------------------------------------------------
Стек вызовов TX:

# 0 in void MoveBalls(char*, int*, COLORREF*, int*) at C:\Cpp\games\move_1.cpp (185):

    183:     int  counter = 0;
    184: 
=>  185:     txSetTextAlign (TA_CENTER);
    186: 
    187:     if (*continue_game == 1) ReadFromFile (&balli, &level, balls, name_user, ball_0_color);

--------------------------------------------------
Developed with:

The Dumb Artist Library (TX Library)
TXLib [Ver: 00173a, Rev: 105, Date: 2018-12-19 00:00:00 +0300]
Copyright (C) Ded (Ilya Dedinsky, http://txlib.ru) <mail@txlib.ru>
See license on: http://txlib.ru

TXLib file:	C:\Users\Home\Downloads\CodeBlocks\TX\TXLib.h
Compiled:	Apr 23 2019 20:45:01, GNU g++ 4.8.1, std=201103L, MinGW Runtime 3.20, 32-bit, DEBUG
Started:	Apr 23 2019 20:45:04

Run file:	C:\Cpp\games\move_1.exe
Directory:	C:\Cpp\games

--------------------------------------------------

--------------------------------------------------
TXLib соболезнует...

Программа: C:\Cpp\games\move_1.exe,

ВНЕЗАПНО: signal (11, 0x00): SIGSEGV: Доступ по неверному указателю. Ставьте ассерты! 

Нарушение доступа к памяти.

#1: Исключение EXCEPTION_ACCESS_VIOLATION (0xC0000005) при выполнении кода по адресу 0x74DCD193 в функции wtoi(). Попытка прочесть данные по адресу 0x00008000. Спасибо _txVectoredExceptionHandler(), что сообщил. Люблю его <3

С помощью функции signal() вы можете сами обработать эту ошибку.

#2: TXLib [Ver: 00173a, Rev: 105, Date: 2018-12-19 00:00:00 +0300], Instance: 0x005032D4 (32-bit), Flags: CMdRe0, Thread: 0x1350 (Main). 

--------------------------------------------------
Стек вызовов:

# 0 0x74DCD193 in C:\Windows\syswow64\msvcrt.dll: wtoi()
# 1 0x74DDC5FF in C:\Windows\syswow64\msvcrt.dll: printf()

# 2 0x00427E63 in C:\Cpp\games\move_1.exe: ReadFromFile() at C:/Cpp/games/move_1.cpp (361):

    359:                 {
    360:                 *ball_0_color = ReadFromFile_Color (file_uzer);
=>  361:                 printf ("%s", *ball_0_color);
    362:                 }
    363:             else ReadFromFile_Color (file_uzer);

# 3 0x004274BB in C:\Cpp\games\move_1.exe: MoveBalls() at C:/Cpp/games/move_1.cpp (187):

    185:     txSetTextAlign (TA_CENTER);
    186: 
=>  187:     if (*continue_game == 1) ReadFromFile (&balli, &level, balls, name_user, ball_0_color);
    188: 
    189:     while (!txGetAsyncKeyState (VK_ESCAPE))

# 4 0x00427138 in C:\Cpp\games\move_1.exe: main() at C:/Cpp/games/move_1.cpp (152):

    150:         }
    151: 
=>  152:     MoveBalls (name_user, &continue_game, &ball_0_color, &r_ball);
    153: 
    154:     txEnd ();

--------------------------------------------------
Стек вызовов TX:

# 0 in void MoveBalls(char*, int*, COLORREF*, int*) at C:\Cpp\games\move_1.cpp (185):

    183:     int  counter = 0;
    184: 
=>  185:     txSetTextAlign (TA_CENTER);
    186: 
    187:     if (*continue_game == 1) ReadFromFile (&balli, &level, balls, name_user, ball_0_color);

--------------------------------------------------
Developed with:

The Dumb Artist Library (TX Library)
TXLib [Ver: 00173a, Rev: 105, Date: 2018-12-19 00:00:00 +0300]
Copyright (C) Ded (Ilya Dedinsky, http://txlib.ru) <mail@txlib.ru>
See license on: http://txlib.ru

TXLib file:	C:\Users\Home\Downloads\CodeBlocks\TX\TXLib.h
Compiled:	Apr 23 2019 20:45:01, GNU g++ 4.8.1, std=201103L, MinGW Runtime 3.20, 32-bit, DEBUG
Started:	Apr 23 2019 20:45:04

Run file:	C:\Cpp\games\move_1.exe
Directory:	C:\Cpp\games

--------------------------------------------------

--------------------------------------------------
TXLib сообщает:

Программа: C:\Cpp\games\move_1.exe, файл: C:\Users\Home\Downloads\CodeBlocks\TX\TXLib.h, строка: 11342, функция: bool {anonymous}::TX::txBitBlt(HDC, double, double, double, double, HDC, double, double),

Сообщение: Параметр "sourceImage" неверен. Возможно, этот холст не создан, или уже уничтожен, или не загрузилась картинка.

#1: TXLib [Ver: 00173a, Rev: 105, Date: 2018-12-19 00:00:00 +0300], Instance: 0x005032D4 (32-bit), Flags: CMdRe0, Thread: 0x12D0 (Main), GetLastError(): 13 (Недопустимые данные). 

--------------------------------------------------
Стек вызовов:

# 0 0x0041F4D9 in C:\Cpp\games\move_1.exe: txBitBlt() at C:/Users/Home/Downloads/CodeBlocks/TX/TXLib.h (11342)

# 1 0x004276EA in C:\Cpp\games\move_1.exe: MoveBalls() at C:/Cpp/games/move_1.cpp (220):

    218:         for (int i = 0; i < N_BALLS; i++) balls[i].Drow ();
    219:         if (!ball_frog) printf ("Не заружается картинка управляемого шарика");
=>  220:         txBitBlt (txDC(), 320, 110, 0, 0, ball_frog);
    221:         txDeleteDC (ball_frog);
    222: 

# 2 0x0042716F in C:\Cpp\games\move_1.exe: main() at C:/Cpp/games/move_1.cpp (156):

    154:         }
    155: 
=>  156:     MoveBalls (name_user, &continue_game, &ball_0_color, &r_ball, &sign_color_change);
    157: 
    158:     txEnd ();

--------------------------------------------------
Стек вызовов TX:

# 0 in bool {anonymous}::TX::txBitBlt(HDC, double, double, double, double, HDC, double, double) at C:\Users\Home\Downloads\CodeBlocks\TX\TXLib.h (11342):

  11340:     {
  11341: $1  if (_TX_HDC_FAILED (destImage))   return false;
=>11342: $   if (_TX_HDC_FAILED (sourceImage)) return false;
  11343: 
  11344: $   POINT size = txGetExtent (sourceImage);

# 1 in void MoveBalls(char*, int*, COLORREF*, int*, int*) at C:\Cpp\games\move_1.cpp (220):

    218:         for (int i = 0; i < N_BALLS; i++) balls[i].Drow ();
    219:         if (!ball_frog) printf ("Не заружается картинка управляемого шарика");
=>  220:         txBitBlt (txDC(), 320, 110, 0, 0, ball_frog);
    221:         txDeleteDC (ball_frog);
    222: 

--------------------------------------------------
Developed with:

The Dumb Artist Library (TX Library)
TXLib [Ver: 00173a, Rev: 105, Date: 2018-12-19 00:00:00 +0300]
Copyright (C) Ded (Ilya Dedinsky, http://txlib.ru) <mail@txlib.ru>
See license on: http://txlib.ru

TXLib file:	C:\Users\Home\Downloads\CodeBlocks\TX\TXLib.h
Compiled:	Apr 24 2019 01:37:29, GNU g++ 4.8.1, std=201103L, MinGW Runtime 3.20, 32-bit, DEBUG
Started:	Apr 24 2019 01:37:33

Run file:	C:\Cpp\games\move_1.exe
Directory:	C:\Cpp\games

--------------------------------------------------

--------------------------------------------------
TXLib сообщает:

Программа: C:\Cpp\games\move_1.exe, файл: C:\Users\Home\Downloads\CodeBlocks\TX\TXLib.h, строка: 11342, функция: bool {anonymous}::TX::txBitBlt(HDC, double, double, double, double, HDC, double, double),

Сообщение: Параметр "sourceImage" неверен. Возможно, этот холст не создан, или уже уничтожен, или не загрузилась картинка.

#1: TXLib [Ver: 00173a, Rev: 105, Date: 2018-12-19 00:00:00 +0300], Instance: 0x005032D4 (32-bit), Flags: CMdRe0, Thread: 0x1450 (Main), GetLastError(): 13 (Недопустимые данные). 

--------------------------------------------------
Стек вызовов:

# 0 0x0041F4D9 in C:\Cpp\games\move_1.exe: txBitBlt() at C:/Users/Home/Downloads/CodeBlocks/TX/TXLib.h (11342)

# 1 0x004276EA in C:\Cpp\games\move_1.exe: MoveBalls() at C:/Cpp/games/move_1.cpp (220):

    218:         for (int i = 1; i < N_BALLS; i++) balls[i].Drow ();
    219:         if (!ball_frog) printf ("Не заружается картинка управляемого шарика");
=>  220:         txBitBlt (txDC(), 320, 110, 0, 0, ball_frog);
    221:         txDeleteDC (ball_frog);
    222: 

# 2 0x0042716F in C:\Cpp\games\move_1.exe: main() at C:/Cpp/games/move_1.cpp (156):

    154:         }
    155: 
=>  156:     MoveBalls (name_user, &continue_game, &ball_0_color, &r_ball, &sign_color_change);
    157: 
    158:     txEnd ();

--------------------------------------------------
Стек вызовов TX:

# 0 in bool {anonymous}::TX::txBitBlt(HDC, double, double, double, double, HDC, double, double) at C:\Users\Home\Downloads\CodeBlocks\TX\TXLib.h (11342):

  11340:     {
  11341: $1  if (_TX_HDC_FAILED (destImage))   return false;
=>11342: $   if (_TX_HDC_FAILED (sourceImage)) return false;
  11343: 
  11344: $   POINT size = txGetExtent (sourceImage);

# 1 in void MoveBalls(char*, int*, COLORREF*, int*, int*) at C:\Cpp\games\move_1.cpp (220):

    218:         for (int i = 1; i < N_BALLS; i++) balls[i].Drow ();
    219:         if (!ball_frog) printf ("Не заружается картинка управляемого шарика");
=>  220:         txBitBlt (txDC(), 320, 110, 0, 0, ball_frog);
    221:         txDeleteDC (ball_frog);
    222: 

--------------------------------------------------
Developed with:

The Dumb Artist Library (TX Library)
TXLib [Ver: 00173a, Rev: 105, Date: 2018-12-19 00:00:00 +0300]
Copyright (C) Ded (Ilya Dedinsky, http://txlib.ru) <mail@txlib.ru>
See license on: http://txlib.ru

TXLib file:	C:\Users\Home\Downloads\CodeBlocks\TX\TXLib.h
Compiled:	Apr 24 2019 01:38:29, GNU g++ 4.8.1, std=201103L, MinGW Runtime 3.20, 32-bit, DEBUG
Started:	Apr 24 2019 01:38:33

Run file:	C:\Cpp\games\move_1.exe
Directory:	C:\Cpp\games

--------------------------------------------------
